<?xml version="1.0" encoding="utf-8"?><testsuites name="pytest tests"><testsuite name="pytest" errors="0" failures="0" skipped="2" tests="361" time="29.864" timestamp="2026-07-24T17:49:39.243776+08:00" hostname="cxpdeMacBook-Pro.local"><testcase classname="" name="tests.test_ashare_lean_integration" time="0.000"><skipped message="collection skipped">('/Users/kaermax/lean-platform/web/backend/tests/test_ashare_lean_integration.py', 12, 'Skipped: Set RUN_LEAN_DOCKER_INTEGRATION=1 to run Docker LEAN integration tests.')</skipped></testcase><testcase classname="" name="tests.test_mysql_integration_lane" time="0.000"><skipped message="collection skipped">('/Users/kaermax/lean-platform/web/backend/tests/test_mysql_integration_lane.py', 12, 'Skipped: Set RUN_MYSQL_INTEGRATION=1 and use the isolated MySQL test database.')</skipped></testcase><testcase classname="tests.test_alert_delivery" name="test_alert_webhook_delivery_is_persisted_and_cooled_down" time="0.145" /><testcase classname="tests.test_alert_delivery" name="test_repeated_warning_escalates_and_failed_delivery_is_recorded" time="0.105" /><testcase classname="tests.test_alert_delivery" name="test_resolved_alert_can_reopen_without_primary_key_collision" time="0.090" /><testcase classname="tests.test_alert_delivery" name="test_paper_walkforward_failure_emits_critical_alert" time="0.002" /><testcase classname="tests.test_alert_delivery" name="test_paper_scheduler_failure_records_warning_and_operational_alert" time="0.000" /><testcase classname="tests.test_api_auth" name="test_api_auth_blocks_unauthenticated_business_endpoints" time="0.638" /><testcase classname="tests.test_api_auth" name="test_api_auth_fails_closed_when_token_is_missing" time="0.002" /><testcase classname="tests.test_api_auth" name="test_built_frontend_receives_http_only_same_site_session" time="0.009" /><testcase classname="tests.test_api_smoke" name="test_backtest_create_requires_project_id" time="0.099" /><testcase classname="tests.test_api_smoke" name="test_backtest_create_rejects_unknown_project" time="0.095" /><testcase classname="tests.test_api_smoke" name="test_backtests_empty_list_with_temp_db" time="0.114" /><testcase classname="tests.test_api_smoke" name="test_api_errors_include_structured_code" time="0.160" /><testcase classname="tests.test_api_smoke" name="test_data_provider_failures_preserve_attempt_evidence" time="0.108" /><testcase classname="tests.test_api_smoke" name="test_api_delete_task_accepts_trailing_slash" time="0.106" /><testcase classname="tests.test_api_smoke" name="test_api_delete_task_accepts_no_trailing_slash" time="0.125" /><testcase classname="tests.test_ashare_multisource" name="test_compare_ashare_daily_sources_persists_warning_report" time="0.109" /><testcase classname="tests.test_ashare_multisource" name="test_compare_ashare_daily_sources_batch_persists_critical_acceptance_report" time="0.097" /><testcase classname="tests.test_ashare_multisource" name="test_compare_ashare_daily_sources_batch_api" time="0.123" /><testcase classname="tests.test_ashare_p0" name="test_ashare_import_writes_research_tables_and_restores_asof_universe" time="0.142" /><testcase classname="tests.test_ashare_p0" name="test_bulk_tushare_import_records_authoritative_daily_absence_as_suspension" time="0.148" /><testcase classname="tests.test_ashare_p0" name="test_incremental_ashare_import_rebuilds_lean_zip_from_full_database_history" time="0.191" /><testcase classname="tests.test_ashare_p0" name="test_ashare_quality_report_blocks_duplicate_dates" time="0.130" /><testcase classname="tests.test_ashare_p0" name="test_backtest_creation_injects_ashare_rules_after_preflight" time="0.401" /><testcase classname="tests.test_ashare_p0" name="test_backtest_preflight_counts_distinct_bar_dates_across_sources" time="0.402" /><testcase classname="tests.test_ashare_p0" name="test_backtest_creation_without_explicit_source_requires_default_production_source" time="0.130" /><testcase classname="tests.test_ashare_p0" name="test_backtest_creation_does_not_silently_fall_back_to_other_source" time="0.124" /><testcase classname="tests.test_ashare_p0" name="test_backtest_preflight_falls_back_when_trade_calendar_missing_but_bars_exist" time="0.360" /><testcase classname="tests.test_ashare_p0" name="test_backtest_creation_allows_missing_local_ashare_cache_for_worker_restore" time="0.359" /><testcase classname="tests.test_ashare_p0" name="test_backtest_creation_blocks_missing_benchmark" time="0.167" /><testcase classname="tests.test_ashare_p0" name="test_backtest_creation_blocks_critical_quality_report" time="0.152" /><testcase classname="tests.test_ashare_p0" name="test_benchmark_rows_import_to_market_bars_and_lean_cache" time="0.102" /><testcase classname="tests.test_ashare_p0" name="test_run_fingerprint_includes_git_parameters_data_and_cache" time="0.323" /><testcase classname="tests.test_ashare_p0" name="test_run_input_fingerprint_is_stable_across_run_ids" time="0.171" /><testcase classname="tests.test_ashare_p0" name="test_git_state_dirty_ignores_untracked_runtime_artifacts" time="0.001" /><testcase classname="tests.test_ashare_p0" name="test_git_state_dirty_keeps_untracked_source_files" time="0.000" /><testcase classname="tests.test_ashare_p0" name="test_lean_cache_restores_missing_zip_from_stored_object" time="0.151" /><testcase classname="tests.test_ashare_p0" name="test_lean_cache_replaces_local_file_from_wrong_source" time="0.181" /><testcase classname="tests.test_ashare_p0" name="test_ashare_execution_artifacts_include_status_payload" time="0.150" /><testcase classname="tests.test_ashare_p0" name="test_security_master_restores_history_and_filters_new_and_delisted" time="0.111" /><testcase classname="tests.test_ashare_p0" name="test_official_trade_status_overrides_inferred_rules_and_missing_status_rejects" time="0.100" /><testcase classname="tests.test_ashare_p0" name="test_security_master_bulk_path_populates_all_canonical_tables" time="0.101" /><testcase classname="tests.test_ashare_p0" name="test_trade_status_bulk_priority_spans_lookup_chunks" time="0.115" /><testcase classname="tests.test_ashare_p0" name="test_adjustment_factors_write_factor_file_and_corporate_actions" time="0.093" /><testcase classname="tests.test_ashare_p0" name="test_ashare_execution_helper_blocks_limits_suspend_tplus1_and_rounds_lots" time="0.002" /><testcase classname="tests.test_ashare_p0" name="test_ashare_end_date_coverage_blocks_or_marks_truncated_runs" time="0.927" /><testcase classname="tests.test_ashare_reference_public" name="test_public_reference_import_helpers_write_canonical_tables" time="0.105" /><testcase classname="tests.test_ashare_tech_insights" name="test_qfq_and_indicator_formulas_are_based_on_120_plus_daily_bars" time="0.001" /><testcase classname="tests.test_ashare_tech_insights" name="test_sample_gates_and_risk_evidence_block_low_buy" time="0.001" /><testcase classname="tests.test_ashare_tech_insights" name="test_explicit_observation_pool_contains_exactly_the_26_requested_codes" time="0.000" /><testcase classname="tests.test_ashare_tech_insights" name="test_full_run_persists_all_26_stocks_and_source_metadata" time="0.129" /><testcase classname="tests.test_ashare_tech_insights" name="test_specialized_api_route_precedes_generic_dynamic_route" time="0.102" /><testcase classname="tests.test_ashare_tech_insights" name="test_watchlist_defaults_adds_updates_deletes_and_resets" time="0.101" /><testcase classname="tests.test_ashare_tech_insights" name="test_report_pool_snapshot_is_immutable_after_watchlist_edit" time="0.097" /><testcase classname="tests.test_ashare_tech_insights" name="test_watchlist_never_allows_zero_enabled_symbols" time="0.158" /><testcase classname="tests.test_ashare_tech_insights" name="test_watchlist_count_queries_support_mysql_dict_rows" time="0.000" /><testcase classname="tests.test_ashare_tech_insights" name="test_watchlist_api_validates_and_manages_items" time="0.105" /><testcase classname="tests.test_ashare_tech_insights" name="test_ashare_tech_history_report_delete_cleans_task_and_blocks_active_report" time="0.099" /><testcase classname="tests.test_audit_script_auth" name="test_daily_shadow_reads_runtime_token_without_exposing_it" time="0.007" /><testcase classname="tests.test_audit_script_auth" name="test_level3_shadow_prefers_environment_token" time="0.001" /><testcase classname="tests.test_audit_script_auth" name="test_daily_shadow_backtest_requires_governed_project" time="0.000" /><testcase classname="tests.test_audit_script_auth" name="test_level3_audit_redacts_compose_secrets" time="0.000" /><testcase classname="tests.test_audit_script_auth" name="test_level4_audit_authenticates_json_and_csv_requests" time="0.001" /><testcase classname="tests.test_audit_script_auth" name="test_level4_validator_cannot_report_pass_with_failed_invariants" time="0.000" /><testcase classname="tests.test_audit_script_auth" name="test_level4_dynamic_pit_reads_nested_strategy_parameters" time="0.000" /><testcase classname="tests.test_audit_script_auth" name="test_level4_walk_forward_requires_train_validation_and_oos" time="0.000" /><testcase classname="tests.test_backtest_execution_validation" name="test_execution_audit_rejects_negative_equity_short_oversell_and_lean_errors" time="0.001" /><testcase classname="tests.test_backtest_execution_validation" name="test_execution_audit_accepts_completed_cash_only_ashare_run" time="0.001" /><testcase classname="tests.test_backtest_execution_validation" name="test_canonical_result_digest_excludes_run_local_snapshot_directory" time="0.000" /><testcase classname="tests.test_backtest_execution_validation" name="test_execution_validation_merge_replaces_previous_execution_gates" time="0.000" /><testcase classname="tests.test_backtest_execution_validation" name="test_execution_audit_classifies_factor_file_and_analysis_errors" time="0.001" /><testcase classname="tests.test_backtest_preflight" name="test_preflight_repairs_symbol_and_benchmark_with_selected_source" time="0.000" /><testcase classname="tests.test_backtest_preflight" name="test_tushare_benchmark_repair_uses_explicit_index_endpoint" time="0.000" /><testcase classname="tests.test_backtest_preflight" name="test_hongkong_preflight_uses_tushare_and_market_rules" time="0.000" /><testcase classname="tests.test_backtest_status" name="test_normalize_legacy_statuses" time="0.000" /><testcase classname="tests.test_backtest_status" name="test_terminal_statuses" time="0.000" /><testcase classname="tests.test_backtest_status" name="test_invalid_status_is_rejected" time="0.000" /><testcase classname="tests.test_backtest_status" name="test_invalid_status_is_not_terminal" time="0.001" /><testcase classname="tests.test_backtest_status" name="test_duration_seconds" time="0.000" /><testcase classname="tests.test_backtest_validation" name="test_research_backtest_records_but_does_not_enforce_production_reference_gate" time="0.000" /><testcase classname="tests.test_bulk_db" name="test_bulk_db_falls_back_to_business_connection_when_loader_is_unavailable" time="0.001" /><testcase classname="tests.test_cbond_futures_p2" name="test_cbond_double_low_pool_excludes_active_call_risk" time="0.093" /><testcase classname="tests.test_cbond_futures_p2" name="test_futures_main_contract_and_agri_monitor_use_open_interest" time="0.100" /><testcase classname="tests.test_common" name="test_dispatch_task_dispatches_when_worker_available" time="0.000" /><testcase classname="tests.test_common" name="test_dispatch_task_marks_failed_when_celery_unavailable" time="0.000" /><testcase classname="tests.test_config_env" name="test_load_env_file_reads_tushare_token_without_overriding_existing_value" time="0.000" /><testcase classname="tests.test_config_env" name="test_insights_llm_provider_is_inferred_from_api_key[environment0-deepseek-https://api.deepseek.com-deepseek-v4-flash]" time="0.000" /><testcase classname="tests.test_config_env" name="test_insights_llm_provider_is_inferred_from_api_key[environment1-zhipu-https://open.bigmodel.cn/api/paas/v4-glm-5.2]" time="0.000" /><testcase classname="tests.test_config_env" name="test_insights_llm_provider_is_inferred_from_api_key[environment2-zhipu-https://open.bigmodel.cn/api/paas/v4-glm-5.2]" time="0.000" /><testcase classname="tests.test_config_env" name="test_insights_llm_provider_is_inferred_from_api_key[environment3-kimi-https://api.moonshot.cn/v1-kimi-k2.6]" time="0.000" /><testcase classname="tests.test_config_env" name="test_insights_llm_provider_is_inferred_from_api_key[environment4-kimi-https://api.moonshot.cn/v1-kimi-k2.6]" time="0.000" /><testcase classname="tests.test_config_env" name="test_insights_llm_provider_is_inferred_from_api_key[environment5-openai-https://api.openai.com/v1-gpt-5-mini]" time="0.000" /><testcase classname="tests.test_config_env" name="test_insights_llm_provider_is_inferred_from_api_key[environment6-anthropic-https://api.anthropic.com/v1-claude-sonnet-4-6]" time="0.000" /><testcase classname="tests.test_config_env" name="test_insights_llm_explicit_provider_and_overrides_win" time="0.000" /><testcase classname="tests.test_config_env" name="test_database_descriptor_defaults_to_mysql_without_sqlite_path" time="0.000" /><testcase classname="tests.test_config_env" name="test_sqlite_database_url_is_rejected_outside_test_gate" time="0.000" /><testcase classname="tests.test_csi300_data_pipeline" name="test_csi300_pipeline_imports_core_research_data_without_synthesizing_suspend_bar" time="0.138" /><testcase classname="tests.test_csi300_data_pipeline" name="test_csi300_pipeline_dry_run_does_not_write_database" time="0.086" /><testcase classname="tests.test_csi300_pit" name="test_parse_adjustment_notice_extracts_add_and_delete_events" time="0.312" /><testcase classname="tests.test_csi300_pit" name="test_parse_csi300_pdf_text_stops_before_next_index_section" time="0.000" /><testcase classname="tests.test_csi300_pit" name="test_csi300_pit_materialization_respects_effective_date" time="0.102" /><testcase classname="tests.test_csi300_pit" name="test_csindex_effective_date_uses_next_trade_date_for_close_after" time="0.001" /><testcase classname="tests.test_data_quality_suspensions" name="test_full_day_suspension_is_not_reported_as_missing_trade_date" time="0.000" /><testcase classname="tests.test_data_quality_suspensions" name="test_unexplained_gap_remains_blocking" time="0.000" /><testcase classname="tests.test_data_quality_suspensions" name="test_partial_day_suspension_is_not_a_full_day_gap_exception" time="0.000" /><testcase classname="tests.test_data_quality_suspensions" name="test_daily_normalization_converts_optional_nan_to_null" time="0.000" /><testcase classname="tests.test_data_sync" name="test_tushare_permission_probe_distinguishes_available_empty_denied_and_retryable" time="0.092" /><testcase classname="tests.test_data_sync" name="test_catalog_active_run_includes_dataset_items" time="0.089" /><testcase classname="tests.test_data_sync" name="test_on_demand_markets_are_excluded_from_full_sync" time="0.089" /><testcase classname="tests.test_data_sync" name="test_permission_skip_message_distinguishes_denied_and_rate_limited" time="0.000" /><testcase classname="tests.test_data_sync" name="test_failed_work_is_not_treated_as_a_complete_checkpoint" time="0.000" /><testcase classname="tests.test_data_sync" name="test_throughput_uses_session_units_for_resume_rate_and_eta" time="0.000" /><testcase classname="tests.test_data_sync" name="test_suspend_resume_targets_only_open_failed_instruments" time="0.097" /><testcase classname="tests.test_data_sync" name="test_daily_sync_scope_excludes_b_shares" time="0.090" /><testcase classname="tests.test_data_sync" name="test_full_daily_snapshot_reconciliation_removes_absent_canonical_rows" time="0.090" /><testcase classname="tests.test_data_sync" name="test_full_daily_manifest_scope_removes_orphan_symbols" time="0.103" /><testcase classname="tests.test_data_sync" name="test_latest_open_trade_date_avoids_weekend_fanout" time="0.092" /><testcase classname="tests.test_data_sync" name="test_throughput_api_rate_is_capped_at_configured_quota" time="0.000" /><testcase classname="tests.test_data_sync" name="test_mysql_storage_metrics_prefer_physical_observer_directory" time="0.000" /><testcase classname="tests.test_data_sync" name="test_database_ceiling_applies_only_to_on_demand_writes" time="0.000" /><testcase classname="tests.test_data_sync" name="test_disk_reserve_is_at_least_500_gib_or_half_the_disk" time="0.000" /><testcase classname="tests.test_data_sync" name="test_raw_records_are_idempotent_and_changed_payloads_are_updated" time="0.100" /><testcase classname="tests.test_data_sync" name="test_legacy_provider_json_cleanup_archives_noncanonical_rows" time="0.116" /><testcase classname="tests.test_data_sync" name="test_raw_row_hashing_does_not_serialize_json" time="0.091" /><testcase classname="tests.test_data_sync" name="test_daily_raw_evidence_is_one_compressed_archive_without_row_json" time="0.106" /><testcase classname="tests.test_data_sync" name="test_retained_raw_data_uses_one_compressed_batch_archive" time="0.105" /><testcase classname="tests.test_data_sync" name="test_raw_initial_load_can_skip_lookup_and_remains_idempotent" time="0.099" /><testcase classname="tests.test_data_sync" name="test_only_one_full_database_update_can_be_active_and_cancelled_run_can_resume" time="0.129" /><testcase classname="tests.test_data_sync" name="test_running_full_database_update_is_revoked_and_cancelled_idempotently" time="0.168" /><testcase classname="tests.test_data_sync" name="test_cancelled_database_update_is_not_restarted_by_a_delayed_worker" time="0.144" /><testcase classname="tests.test_data_sync" name="test_incomplete_success_checkpoint_can_resume_without_losing_progress" time="0.145" /><testcase classname="tests.test_data_sync" name="test_resume_preserves_completed_partial_dataset" time="0.106" /><testcase classname="tests.test_data_sync" name="test_superseded_worker_cannot_overwrite_a_resumed_database_update" time="0.224" /><testcase classname="tests.test_data_sync" name="test_cancelled_daily_sync_continues_from_its_checkpoint" time="0.099" /><testcase classname="tests.test_data_sync" name="test_daily_sync_does_not_query_past_a_delisting_date" time="0.090" /><testcase classname="tests.test_data_sync" name="test_daily_bulk_sync_uses_authoritative_absence_without_nested_suspend_calls" time="0.092" /><testcase classname="tests.test_data_sync" name="test_daily_bulk_sync_validates_real_adapter_date_shape" time="0.098" /><testcase classname="tests.test_data_sync" name="test_empty_instrument_result_advances_coverage_watermark" time="0.106" /><testcase classname="tests.test_data_sync" name="test_suspend_incremental_fetches_once_per_trade_date_not_once_per_symbol" time="0.108" /><testcase classname="tests.test_data_sync" name="test_stk_limit_initial_load_batches_symbols_and_uses_bulk_status_writer" time="0.097" /><testcase classname="tests.test_data_sync" name="test_stk_limit_increment_fetches_once_per_trade_date" time="0.100" /><testcase classname="tests.test_data_sync" name="test_daily_derivatives_materialize_after_canonical_sync" time="0.095" /><testcase classname="tests.test_data_sync" name="test_daily_derivatives_resume_from_persisted_checkpoint" time="0.089" /><testcase classname="tests.test_data_sync" name="test_on_demand_download_requires_selected_safe_storage_and_writes_jsonl" time="0.089" /><testcase classname="tests.test_data_sync" name="test_generic_instrument_sync_uses_persisted_date_watermark" time="0.093" /><testcase classname="tests.test_data_sync" name="test_generic_instrument_sync_preloads_watermarks_once" time="0.095" /><testcase classname="tests.test_data_sync" name="test_generic_normalizer_uses_bulk_loader" time="0.090" /><testcase classname="tests.test_data_sync" name="test_all_generic_date_parameters_use_requested_range" time="0.003" /><testcase classname="tests.test_data_sync" name="test_correct_tushare_endpoint_parameters_are_registered" time="0.000" /><testcase classname="tests.test_data_sync" name="test_complete_global_query_covers_all_contract_exchanges" time="0.000" /><testcase classname="tests.test_data_sync" name="test_complete_index_daily_query_splits_provider_capped_history" time="0.001" /><testcase classname="tests.test_data_sync" name="test_index_daily_is_materialized_for_certified_benchmark_cache" time="0.084" /><testcase classname="tests.test_data_sync" name="test_daily_catalog_coverage_uses_normalized_table" time="0.085" /><testcase classname="tests.test_data_sync" name="test_stock_basic_catalog_coverage_uses_canonical_instruments" time="0.088" /><testcase classname="tests.test_data_sync" name="test_adj_factor_sync_persists_only_normalized_rows" time="0.093" /><testcase classname="tests.test_data_sync" name="test_adj_factor_rebuild_filters_unchanged_rows_but_keeps_corrections" time="0.096" /><testcase classname="tests.test_data_sync" name="test_generic_sync_records_instrument_failure_instead_of_swallowing_it" time="0.152" /><testcase classname="tests.test_data_sync" name="test_adj_factor_resume_retries_failed_work_item_without_restarting" time="0.146" /><testcase classname="tests.test_data_sync" name="test_celery_routes_keep_data_and_backtests_on_separate_queues" time="0.001" /><testcase classname="tests.test_data_sync" name="test_recovery_requeues_stale_derived_materialization" time="0.106" /><testcase classname="tests.test_data_sync" name="test_recovery_preserves_stale_derived_materialization_with_live_lease" time="0.096" /><testcase classname="tests.test_data_sync" name="test_partial_data_sync_never_marks_outer_task_success" time="0.000" /><testcase classname="tests.test_data_sync" name="test_failed_data_sync_emits_critical_operational_alert" time="0.000" /><testcase classname="tests.test_data_sync" name="test_transient_provider_failures_are_retried" time="0.000" /><testcase classname="tests.test_data_sync" name="test_recent_permission_checks_are_reused" time="0.641" /><testcase classname="tests.test_data_sync" name="test_checkpoint_progress_cannot_move_backwards" time="0.098" /><testcase classname="tests.test_data_sync" name="test_sync_item_progress_updates_run_heartbeat" time="0.091" /><testcase classname="tests.test_data_sync" name="test_sync_mode_records_initial_incremental_and_checkpoint_resume" time="0.098" /><testcase classname="tests.test_data_writers" name="test_normalize_rows_clamps_provider_float_noise_at_ohlc_boundary" time="0.001" /><testcase classname="tests.test_data_writers" name="test_normalize_rows_still_rejects_material_ohlc_violation" time="0.000" /><testcase classname="tests.test_data_writers" name="test_rows_from_csv_reports_all_missing_template_columns" time="0.004" /><testcase classname="tests.test_dataset_preview" name="test_trade_calendar_preview_filters_and_pages_canonical_rows" time="0.086" /><testcase classname="tests.test_dataset_preview" name="test_symbol_preview_uses_normalized_exact_match" time="0.089" /><testcase classname="tests.test_dataset_preview" name="test_index_archive_preview_reads_compressed_batch_without_row_json" time="0.090" /><testcase classname="tests.test_dataset_preview" name="test_dataset_preview_rejects_unsupported_dataset" time="0.085" /><testcase classname="tests.test_dataset_preview" name="test_csv_import_template_has_required_ohlcv_columns" time="0.084" /><testcase classname="tests.test_db_migrations" name="test_init_db_adds_data_assets_status_before_status_index" time="0.090" /><testcase classname="tests.test_db_migrations" name="test_init_db_records_file_migrations" time="0.112" /><testcase classname="tests.test_db_migrations" name="test_mysql_index_parser_handles_leading_migration_comment" time="0.001" /><testcase classname="tests.test_db_migrations" name="test_mysql_connect_retries_transient_handshake_failures" time="0.000" /><testcase classname="tests.test_db_migrations" name="test_mysql_connect_raises_retryable_domain_error_after_exhaustion" time="0.000" /><testcase classname="tests.test_db_migrations" name="test_mysql_connect_does_not_retry_configuration_errors" time="0.000" /><testcase classname="tests.test_db_streaming" name="test_mysql_iter_batches_uses_unbuffered_cursor" time="0.001" /><testcase classname="tests.test_dependencies" name="test_api_health_uses_delegated_backtest_worker_without_docker_socket" time="0.000" /><testcase classname="tests.test_experiment_examples" name="test_example_catalog_instantiates_editable_research_project" time="0.109" /><testcase classname="tests.test_experiment_examples" name="test_batch_preview_freezes_pit_members_and_expands_project_matrix" time="0.124" /><testcase classname="tests.test_experiment_examples" name="test_dynamic_universe_persists_effective_membership_schedule" time="0.100" /><testcase classname="tests.test_experiment_examples" name="test_help_docs_search_and_path_validation" time="0.005" /><testcase classname="tests.test_factor_files" name="test_factor_file_smooths_one_day_reversal_and_writes_reference_price" time="0.001" /><testcase classname="tests.test_factor_files" name="test_factor_file_validation_rejects_zero_reference_price_on_change" time="0.000" /><testcase classname="tests.test_factors_p2" name="test_factor_evaluation_computes_ic_rank_ic_and_quantiles" time="0.111" /><testcase classname="tests.test_free_data_pipeline" name="test_import_ashare_daily_sample_orchestrates_import_compare_and_parquet" time="0.000" /><testcase classname="tests.test_free_data_pipeline" name="test_free_sample_cli_exit_code_allows_non_primary_provider_gap" time="0.004" /><testcase classname="tests.test_free_data_pipeline" name="test_adata_and_baostock_provider_imports_write_canonical_tables" time="0.129" /><testcase classname="tests.test_free_sources_futures_intraday" name="test_intraday_import_writes_market_intraday_bars" time="0.089" /><testcase classname="tests.test_free_sources_futures_intraday" name="test_tqsdk_normalizer_and_futures_main_mapping" time="0.101" /><testcase classname="tests.test_help_docs" name="test_help_catalog_metadata_search_and_path_validation" time="0.002" /><testcase classname="tests.test_help_docs" name="test_help_catalog_refreshes_when_a_source_changes" time="0.001" /><testcase classname="tests.test_help_docs" name="test_generated_api_reference_is_current" time="0.499" /><testcase classname="tests.test_history_resources" name="test_delete_backtest_removes_only_managed_run_directory" time="0.099" /><testcase classname="tests.test_history_resources" name="test_active_resources_cannot_be_deleted" time="0.086" /><testcase classname="tests.test_history_resources" name="test_global_history_clear_requires_typed_confirmation" time="0.087" /><testcase classname="tests.test_hongkong_backtest_validation" name="test_hongkong_validation_records_execution_rules" time="0.000" /><testcase classname="tests.test_insights" name="test_context_and_guardrails_cover_daily_data_and_spot_short_block" time="0.087" /><testcase classname="tests.test_insights" name="test_context_supports_every_platform_asset_class[AAPL-equity-usa-usa]" time="0.088" /><testcase classname="tests.test_insights" name="test_context_supports_every_platform_asset_class[BTCUSDT-crypto-coinbase-coinbase]" time="0.107" /><testcase classname="tests.test_insights" name="test_context_supports_every_platform_asset_class[BTCUSDT-crypto_future-binance-binance]" time="0.100" /><testcase classname="tests.test_insights" name="test_context_supports_every_platform_asset_class[GC-future-comex-comex]" time="0.124" /><testcase classname="tests.test_insights" name="test_insight_run_persists_structured_report_and_signal" time="0.116" /><testcase classname="tests.test_insights" name="test_insight_can_be_explicitly_handed_to_compatible_paper_session" time="0.127" /><testcase classname="tests.test_insights" name="test_capabilities_never_return_api_key" time="0.000" /><testcase classname="tests.test_insights" name="test_invalid_structured_llm_output_is_retried_then_rejected" time="0.211" /><testcase classname="tests.test_insights" name="test_kimi_request_uses_structured_non_thinking_mode" time="0.002" /><testcase classname="tests.test_insights" name="test_insights_api_is_opt_in_and_queues_configured_requests" time="0.126" /><testcase classname="tests.test_insights" name="test_cancelling_insight_task_updates_linked_report" time="0.113" /><testcase classname="tests.test_lean_results_analyzer_reference" name="test_results_analyzer_reference_refreshes_stale_spy_cache" time="0.002" /><testcase classname="tests.test_lean_results_analyzer_reference" name="test_results_analyzer_reference_reuses_covering_spy_cache" time="0.001" /><testcase classname="tests.test_lean_runner" name="test_container_name_is_stable_and_bounded" time="0.000" /><testcase classname="tests.test_lean_runner" name="test_worker_project_resolution_rejects_legacy_projectless_task" time="0.000" /><testcase classname="tests.test_lean_runner" name="test_docker_command_uses_argument_list_and_expected_mounts" time="0.001" /><testcase classname="tests.test_lean_runner" name="test_docker_command_maps_container_paths_to_host_paths" time="0.001" /><testcase classname="tests.test_lean_runner" name="test_base_config_adds_python_path_for_ashare_rules" time="0.000" /><testcase classname="tests.test_lean_runner" name="test_lean_runner_mounts_hongkong_execution_support" time="0.001" /><testcase classname="tests.test_lean_runner" name="test_lean_runner_writes_artifact_manifest_without_result_json" time="0.001" /><testcase classname="tests.test_level3_upgrade" name="test_source_gate_rejects_research_source_by_default" time="0.116" /><testcase classname="tests.test_level3_upgrade" name="test_instrument_identifier_backfill_and_coverage" time="0.132" /><testcase classname="tests.test_level3_upgrade" name="test_coverage_api_exposes_source_and_severity" time="0.141" /><testcase classname="tests.test_level3_upgrade" name="test_level3_scripts_support_dry_run" time="0.005" /><testcase classname="tests.test_level3_upgrade" name="test_cleanup_report_artifacts_dry_run_does_not_delete" time="0.136" /><testcase classname="tests.test_level3plus_upgrade" name="test_full_identifier_backfill_scans_all_tables" time="0.137" /><testcase classname="tests.test_level3plus_upgrade" name="test_provider_availability_reports_credential_missing" time="0.121" /><testcase classname="tests.test_level3plus_upgrade" name="test_certified_universe_records_accepted_warning" time="0.143" /><testcase classname="tests.test_level3plus_upgrade" name="test_pipeline_and_alert_api" time="0.139" /><testcase classname="tests.test_level3plus_upgrade" name="test_retention_policy_dry_run_reports_freed_bytes" time="0.135" /><testcase classname="tests.test_maintenance" name="test_cleanup_stale_queued_marks_old_records" time="0.119" /><testcase classname="tests.test_maintenance" name="test_cleanup_stale_queued_dry_run_does_not_mark" time="0.111" /><testcase classname="tests.test_maintenance" name="test_cleanup_stale_queued_route" time="0.116" /><testcase classname="tests.test_market_data" name="test_batch_daily_writer_reuses_existing_instrument_id" time="0.104" /><testcase classname="tests.test_market_data" name="test_query_database_bars_reads_local_market_daily_table" time="0.107" /><testcase classname="tests.test_market_data" name="test_data_query_api_selects_database_source" time="0.094" /><testcase classname="tests.test_market_data" name="test_data_query_api_auto_provider_uses_fallback_chain" time="0.096" /><testcase classname="tests.test_market_data" name="test_clickhouse_mirror_splits_rows_into_partition_safe_five_year_blocks" time="0.001" /><testcase classname="tests.test_market_data" name="test_clickhouse_schema_uses_year_partition" time="0.000" /><testcase classname="tests.test_market_data" name="test_clickhouse_schema_rejects_legacy_month_partition" time="0.000" /><testcase classname="tests.test_market_data" name="test_clickhouse_mirror_batches_multiple_assets_into_shared_inserts" time="0.000" /><testcase classname="tests.test_market_data" name="test_clickhouse_symbol_replace_deletes_then_reloads_canonical" time="0.000" /><testcase classname="tests.test_mysql_migration_translation" name="test_mysql_alter_table_text_columns_use_mysql_compatible_types" time="0.000" /><testcase classname="tests.test_p1_level3" name="test_china_strategy_template_hard_fails_without_real_benchmark" time="0.001" /><testcase classname="tests.test_p1_level3" name="test_demo_algorithm_hard_fails_without_real_ashare_benchmark" time="0.000" /><testcase classname="tests.test_p1_level3" name="test_strategy_templates_include_p1_standard_set" time="0.004" /><testcase classname="tests.test_p1_level3" name="test_reports_api_exposes_backtest_result_and_stored_objects" time="0.110" /><testcase classname="tests.test_p1_level3" name="test_reference_data_coverage_api_exposes_level3_data_gaps" time="0.103" /><testcase classname="tests.test_p1_level3" name="test_reference_public_import_persists_provider_warning" time="0.090" /><testcase classname="tests.test_p1_level3" name="test_daily_pipeline_cli_dry_run_lists_level3_steps" time="0.094" /><testcase classname="tests.test_p1_level3" name="test_csi300_public_pit_manifest_reads_csindex_cache_local_path" time="0.001" /><testcase classname="tests.test_p1_level3" name="test_csi300_public_pit_manifest_loads_top_level_manual_events" time="0.001" /><testcase classname="tests.test_p1_level3" name="test_csi300_public_pit_manifest_initial_date_accepts_cached_shape" time="0.000" /><testcase classname="tests.test_p2_efficiency" name="test_provider_availability_reports_missing_env_without_network" time="0.001" /><testcase classname="tests.test_p2_efficiency" name="test_provider_manager_exposes_dsa_style_sources_and_jqdata_window_fallback" time="0.000" /><testcase classname="tests.test_p2_efficiency" name="test_stored_objects_api_supports_namespace_pagination" time="0.093" /><testcase classname="tests.test_p2_efficiency" name="test_reports_api_supports_paged_backtest_and_report_rows" time="0.153" /><testcase classname="tests.test_p2_efficiency" name="test_generic_optimization_grid_expands_candidates" time="0.001" /><testcase classname="tests.test_p2_efficiency" name="test_compare_api_and_report_exports_use_parsed_backtest_results" time="0.125" /><testcase classname="tests.test_p2_efficiency" name="test_optimization_worker_persists_child_backtest_runs" time="1.033" /><testcase classname="tests.test_p2_efficiency" name="test_data_assets_are_retained_and_marked_superseded" time="0.097" /><testcase classname="tests.test_paper_replay_gate" name="test_paper_replay_runs_daily_loop" time="0.185" /><testcase classname="tests.test_paper_replay_gate" name="test_paper_match_rejects_when_quality_gate_is_critical" time="0.132" /><testcase classname="tests.test_paper_trading" name="test_lean_order_status_is_normalized_for_paper_reports" time="0.000" /><testcase classname="tests.test_paper_trading" name="test_paper_daily_match_creates_order_position_and_snapshot" time="0.152" /><testcase classname="tests.test_paper_trading" name="test_paper_session_rejects_same_close_without_explicit_allow" time="0.105" /><testcase classname="tests.test_paper_trading" name="test_paper_constraints_reject_blacklist_watchlist_cash_floor_and_missing_status" time="0.250" /><testcase classname="tests.test_paper_trading" name="test_paper_constraints_cap_weight_and_block_st_buy" time="0.183" /><testcase classname="tests.test_paper_trading" name="test_paper_multi_symbol_session_fills_then_rejects_max_positions" time="0.157" /><testcase classname="tests.test_paper_trading" name="test_paper_replay_auto_signal_executes_before_generating_next_signal" time="0.200" /><testcase classname="tests.test_paper_trading" name="test_paper_replay_acceptance_has_fill_rejections_and_canonical_report_fields" time="0.291" /><testcase classname="tests.test_paper_trading" name="test_paper_replay_acceptance_script_creates_fill_and_reject" time="0.194" /><testcase classname="tests.test_paper_trading" name="test_paper_api_blocks_st_and_suspended_fixture_with_daily_bars" time="0.167" /><testcase classname="tests.test_paper_trading" name="test_paper_api_preserves_strategy_extra_parameters" time="0.092" /><testcase classname="tests.test_paper_trading" name="test_lean_paper_requires_and_freezes_a_validation_passed_backtest" time="0.090" /><testcase classname="tests.test_parquet_lake" name="test_export_market_daily_bars_to_parquet_and_query_duckdb" time="0.198" /><testcase classname="tests.test_parquet_lake" name="test_rebuild_all_market_parquet_exports_all_matching_scopes_and_persists_report" time="0.136" /><testcase classname="tests.test_parquet_lake" name="test_rebuild_certifies_only_consistent_tushare_dataset" time="0.107" /><testcase classname="tests.test_parquet_lake" name="test_source_lineage_uses_exact_governed_full_rebuild_evidence[full_rebuild-None]" time="0.089" /><testcase classname="tests.test_parquet_lake" name="test_source_lineage_uses_exact_governed_full_rebuild_evidence[resume_checkpoint-full_rebuild]" time="0.092" /><testcase classname="tests.test_parquet_lake" name="test_rebuild_never_certifies_synthetic_tushare_fixture" time="0.099" /><testcase classname="tests.test_parquet_lake" name="test_consistency_report_fails_closed_when_requested_dataset_is_missing" time="0.085" /><testcase classname="tests.test_parquet_lake" name="test_data_api_exports_parquet_and_queries_duckdb" time="0.102" /><testcase classname="tests.test_parquet_lake" name="test_duckdb_query_remaps_host_parquet_path_to_visible_parquet_dir" time="0.101" /><testcase classname="tests.test_parse_date" name="test_parse_date_normalizes_single_digit_month_and_day" time="0.001" /><testcase classname="tests.test_parse_date" name="test_parse_date_keeps_padded_isoformat" time="0.000" /><testcase classname="tests.test_parse_date" name="test_parse_date_rejects_invalid_month" time="0.000" /><testcase classname="tests.test_performance_analytics" name="test_parse_result_payload_adds_performance_analytics" time="0.022" /><testcase classname="tests.test_performance_analytics" name="test_parse_result_payload_replaces_constant_benchmark_from_cache" time="0.013" /><testcase classname="tests.test_performance_analytics" name="test_performance_analytics_recomputes_sharpe_and_flags_short_window" time="0.001" /><testcase classname="tests.test_performance_analytics" name="test_performance_analytics_handles_zero_volatility_without_misleading_sharpe" time="0.001" /><testcase classname="tests.test_pit_data" name="test_financial_factors_as_of_excludes_future_announcements" time="0.085" /><testcase classname="tests.test_pit_data" name="test_index_members_as_of_respects_effective_date" time="0.091" /><testcase classname="tests.test_pit_data" name="test_pit_api_maps_000300_to_csi300" time="0.096" /><testcase classname="tests.test_pit_data" name="test_pit_tushare_endpoint_imports_csi1000_members" time="0.092" /><testcase classname="tests.test_pit_data" name="test_csi300_pit_api_returns_gap_before_official_coverage_start" time="0.094" /><testcase classname="tests.test_pit_data" name="test_ashare_universe_interfaces_return_gap_before_csi300_official_coverage" time="0.102" /><testcase classname="tests.test_plot_results" name="test_report_file_responses_disable_browser_caching" time="0.001" /><testcase classname="tests.test_plot_results" name="test_report_header_structures_run_metadata_and_chart_names" time="0.001" /><testcase classname="tests.test_plot_results" name="test_report_regeneration_discovers_main_result_and_uses_canonical_layout" time="0.005" /><testcase classname="tests.test_plot_results" name="test_report_regeneration_prefers_named_demo_result_when_directory_has_other_results" time="0.001" /><testcase classname="tests.test_plot_results" name="test_markdown_report_uses_same_title_and_core_header_metadata" time="0.001" /><testcase classname="tests.test_projects" name="test_project_files_fallback_from_stale_host_path" time="0.091" /><testcase classname="tests.test_projects" name="test_api_update_project_config" time="0.096" /><testcase classname="tests.test_projects" name="test_api_clone_project_with_files" time="0.114" /><testcase classname="tests.test_projects" name="test_consolidate_automatic_copies_preserves_run_and_task_history" time="0.091" /><testcase classname="tests.test_projects" name="test_backtest_uses_immutable_project_snapshot" time="0.488" /><testcase classname="tests.test_repository_hygiene" name="test_changelog_gate_requires_root_changelog" time="0.001" /><testcase classname="tests.test_repository_hygiene" name="test_repository_hygiene_rejects_generated_tracked_paths" time="0.002" /><testcase classname="tests.test_repository_hygiene" name="test_portable_manifest_scanner_detects_absolute_paths" time="0.001" /><testcase classname="tests.test_research_lifecycle" name="test_research_api_allocates_port_copies_workspace_and_deletes_record" time="0.116" /><testcase classname="tests.test_research_lifecycle" name="test_research_runner_waits_for_container_port_inside_container" time="0.001" /><testcase classname="tests.test_research_lifecycle" name="test_research_runner_rejects_unpinned_image" time="0.001" /><testcase classname="tests.test_result_service" name="test_extract_chart_data_includes_candles_volume_and_strategy_indicators" time="0.001" /><testcase classname="tests.test_result_service" name="test_parse_result_payload_extracts_core_sections" time="0.032" /><testcase classname="tests.test_result_service" name="test_parse_result_payload_filters_unfilled_orders" time="0.030" /><testcase classname="tests.test_result_service" name="test_parse_result_payload_filters_string_status_codes" time="0.030" /><testcase classname="tests.test_result_service" name="test_parse_result_payload_infers_holdings_from_filled_orders" time="0.018" /><testcase classname="tests.test_result_service" name="test_persist_result_archives_raw_lean_artifacts" time="0.103" /><testcase classname="tests.test_run_paths" name="test_run_file_resolves_host_path_inside_container_workspace" time="0.001" /><testcase classname="tests.test_run_paths" name="test_run_directory_resolves_workspace_path_on_host" time="0.001" /><testcase classname="tests.test_run_paths" name="test_chart_endpoint_resolves_result_path_from_another_runtime_root" time="0.003" /><testcase classname="tests.test_scheduler_experiments" name="test_scheduler_lease_enforces_max_concurrent_slots" time="0.092" /><testcase classname="tests.test_scheduler_experiments" name="test_scheduler_lease_reclaims_terminal_backtest_holder" time="0.089" /><testcase classname="tests.test_scheduler_experiments" name="test_cancel_task_revokes_optimization_and_child_backtests" time="0.102" /><testcase classname="tests.test_scheduler_experiments" name="test_delete_task_removes_terminal_task_and_log" time="0.090" /><testcase classname="tests.test_security_search" name="test_security_search_matches_company_alias_pinyin_and_market_labels" time="0.270" /><testcase classname="tests.test_security_search" name="test_security_profile_separates_master_source_from_identifiers_and_reports_coverage" time="0.096" /><testcase classname="tests.test_settings_defaults" name="test_web_default_end_date_is_current_date" time="0.085" /><testcase classname="tests.test_settings_defaults" name="test_web_default_end_date_migration_advances_legacy_value" time="0.088" /><testcase classname="tests.test_start_web_script" name="test_start_web_script_is_valid_bash" time="0.049" /><testcase classname="tests.test_start_web_script" name="test_shutdown_terminates_tracked_log_process_without_waiting_forever" time="0.136" /><testcase classname="tests.test_start_web_script" name="test_sigint_exits_launcher_once_and_releases_lock" time="0.141" /><testcase classname="tests.test_strategy_admission" name="test_admission_registers_baseline_and_promotes_passing_runs" time="0.711" /><testcase classname="tests.test_strategy_admission" name="test_admission_requires_all_market_regimes" time="0.093" /><testcase classname="tests.test_strategy_admission" name="test_admitted_runs_can_be_used_by_portfolio_optimizer" time="0.100" /><testcase classname="tests.test_strategy_admission" name="test_backtest_admission_endpoint_returns_parameter_fingerprint" time="0.095" /><testcase classname="tests.test_strategy_admission" name="test_admission_parameter_fingerprint_ignores_run_specific_snapshot_metadata" time="0.001" /><testcase classname="tests.test_strategy_admission" name="test_backtest_admission_endpoint_distinguishes_unregistered_parameters" time="0.091" /><testcase classname="tests.test_strategy_admission" name="test_stopped_clean_paper_session_promotes_admission" time="0.099" /><testcase classname="tests.test_tushare_adapter" name="test_tushare_stock_basic_marks_st_and_delisted" time="0.001" /><testcase classname="tests.test_tushare_adapter" name="test_sector_topics_continue_from_dc_to_ths_and_preserve_canonical_keyword" time="0.001" /><testcase classname="tests.test_tushare_adapter" name="test_tushare_daily_rows_degrades_when_only_pro_daily_is_allowed" time="0.001" /><testcase classname="tests.test_tushare_adapter" name="test_tushare_full_history_is_downloaded_in_bounded_date_windows" time="0.001" /><testcase classname="tests.test_tushare_adapter" name="test_stk_limit_increment_fetches_full_market_for_one_trade_date" time="0.001" /><testcase classname="tests.test_tushare_adapter" name="test_adjustment_factor_first_fill_uses_one_provider_request" time="0.001" /><testcase classname="tests.test_tushare_adapter" name="test_hong_kong_endpoint_rate_limit_fails_fast" time="0.001" /><testcase classname="tests.test_tushare_adapter" name="test_rate_limited_proxy_counts_actual_endpoint_invocations" time="0.001" /><testcase classname="tests.test_tushare_adapter" name="test_tushare_rejects_qfq_hfq_to_avoid_adjustment_mixing" time="0.001" /><testcase classname="tests.test_tushare_adapter" name="test_tushare_research_rows_normalize_units_dates_and_fields" time="0.001" /><testcase classname="tests.test_tushare_adapter" name="test_long_daily_basic_and_index_weight_ranges_are_windowed" time="0.001" /><testcase classname="tests.test_tushare_adapter" name="test_tushare_hong_kong_basics_calendar_and_daily_rows" time="0.001" /><testcase classname="tests.test_tushare_csi300_pit" name="test_snapshot_validation_and_intervals_are_no_lookahead" time="0.005" /><testcase classname="tests.test_tushare_csi300_pit" name="test_snapshot_validation_rejects_incomplete_or_gapped_series" time="0.001" /><testcase classname="tests.test_tushare_csi300_pit" name="test_governed_import_can_explicitly_quarantine_an_incomplete_snapshot" time="0.002" /><testcase classname="tests.test_tushare_csi300_pit" name="test_governed_import_writes_archive_and_shadow_only" time="0.102" /></testsuite></testsuites>