<?xml version="1.0" encoding="utf-8"?><testsuites name="pytest tests"><testsuite name="pytest" errors="0" failures="0" skipped="1" tests="3" time="1.420" timestamp="2026-07-24T09:58:30.063615+00:00" hostname="8d0bae7448d6"><testcase classname="" name="tests.test_ashare_lean_integration" time="0.000"><skipped message="collection skipped">('/workspace/web/backend/tests/test_ashare_lean_integration.py', 12, 'Skipped: Set RUN_LEAN_DOCKER_INTEGRATION=1 to run Docker LEAN integration tests.')</skipped></testcase><testcase classname="tests.test_mysql_integration_lane" name="test_mysql_migrations_schema_indexes_and_unique_transaction" time="0.516" /><testcase classname="tests.test_mysql_integration_lane" name="test_mysql_named_lock_excludes_concurrent_holder" time="0.010" /></testsuite></testsuites>